<?xml version="1.0" encoding="UTF-8"?>
<!-- Generated by org.testng.reporters.JUnitReportReporter -->
<testsuite hostname="HASMUKH-PUROHIT708" failures="0" tests="1" name="Test_Scenarios.AddProductC001" time="53.804" errors="0" timestamp="22 Jul 2023 16:35:12 GMT">
  <testcase classname="Test_Scenarios.AddProductC001" name="AddProductC001" time="53.804"/>
</testsuite> <!-- Test_Scenarios.AddProductC001 -->
