<?xml version="1.0" encoding="UTF-8"?>
<!-- Generated by org.testng.reporters.JUnitReportReporter -->
<testsuite hostname="HASMUKH-PUROHIT708" failures="0" tests="3" name="Test_Scenarios.LoginCase" time="73.347" errors="0" timestamp="9 Jul 2023 17:04:21 GMT">
  <testcase classname="Test_Scenarios.LoginCase" name="test2" time="18.780"/>
  <testcase classname="Test_Scenarios.LoginCase" name="test1" time="32.317"/>
  <testcase classname="Test_Scenarios.LoginCase" name="test3" time="22.250"/>
</testsuite> <!-- Test_Scenarios.LoginCase -->
